<?xml version="1.0" encoding="UTF-8"?>
<!-- Generated by org.testng.reporters.JUnitReportReporter -->
<testsuite hostname="DESKTOP-BVPTEUF" failures="0" tests="1" name="testcase.PurchaseOrderNumber" time="23.610" errors="0" timestamp="2023-06-01T13:31:39 EEST" skipped="0">
  <testcase classname="testcase.PurchaseOrderNumber" name="Task1" time="23.610"/>
  <system-out/>
</testsuite> <!-- testcase.PurchaseOrderNumber -->
